<?xml version="1.0" encoding="UTF-8"?>
<testng-results ignored="0" total="1" passed="1" failed="0" skipped="0">
  <reporter-output>
  </reporter-output>
  <suite started-at="2023-05-18T14:37:14 IST" name="Default suite" finished-at="2023-05-18T14:38:57 IST" duration-ms="103384">
    <groups>
    </groups>
    <test started-at="2023-05-18T14:37:14 IST" name="Default test" finished-at="2023-05-18T14:38:57 IST" duration-ms="103384">
      <class name="tESTNG_Generic.LoginScript">
        <test-method signature="validLogin()[pri:0, instance:tESTNG_Generic.LoginScript@3972a855]" started-at="2023-05-18T14:37:15 IST" name="validLogin" finished-at="2023-05-18T14:38:57 IST" duration-ms="102725" status="PASS">
          <reporter-output>
          </reporter-output>
        </test-method> <!-- validLogin -->
      </class> <!-- tESTNG_Generic.LoginScript -->
    </test> <!-- Default test -->
  </suite> <!-- Default suite -->
</testng-results>
